<testsuites id="" name="" tests="3" failures="0" skipped="0" errors="0" time="19.886669">
<testsuite name="TaskUploadFiles.spec.js" timestamp="2025-05-21T10:37:46.415Z" hostname="chromium" tests="3" failures="0" skipped="0" time="38.502" errors="0">
<testcase name="Upload Files Test 1" classname="TaskUploadFiles.spec.js" time="13.696">
</testcase>
<testcase name="Upload Files Test 2" classname="TaskUploadFiles.spec.js" time="12.603">
</testcase>
<testcase name="Upload Files Test 3" classname="TaskUploadFiles.spec.js" time="12.203">
</testcase>
</testsuite>
</testsuites>